<?xml version="1.0" encoding="UTF-8"?>
<!-- Generated by org.testng.reporters.JUnitXMLReporter -->
<testsuite ignored="3" hostname="Dalia" failures="0" tests="1" name="Default test" time="27.949" errors="0" timestamp="2024-10-21T17:58:31 GMT+03:00">
  <testcase classname="Autmation" name="AddItemToThecart" time="22.99"/>
  <testcase classname="Autmation" name="signUp" time="0.0">
    <ignored/>
  </testcase> <!-- signUp -->
  <testcase classname="Autmation" name="Logout" time="0.0">
    <ignored/>
  </testcase> <!-- Logout -->
  <testcase classname="Autmation" name="Login" time="0.0">
    <ignored/>
  </testcase> <!-- Login -->
</testsuite> <!-- Default test -->
