<?xml version="1.0" encoding="UTF-8"?>
<testng-results ignored="3" total="4" passed="1" failed="0" skipped="0">
  <reporter-output>
  </reporter-output>
  <suite started-at="2024-10-21T17:58:03 GMT+03:00" name="Default suite" finished-at="2024-10-21T17:58:31 GMT+03:00" duration-ms="27949">
    <groups>
    </groups>
    <test started-at="2024-10-21T17:58:03 GMT+03:00" name="Default test" finished-at="2024-10-21T17:58:31 GMT+03:00" duration-ms="27949">
      <class name="Autmation">
        <test-method is-config="true" signature="mySetup()[pri:0, instance:Autmation@ebb6851]" started-at="2024-10-21T17:58:03 GMT+03:00" name="mySetup" finished-at="2024-10-21T17:58:07 GMT+03:00" duration-ms="4801" status="PASS">
          <reporter-output>
          </reporter-output>
        </test-method> <!-- mySetup -->
        <test-method signature="AddItemToThecart()[pri:4, instance:Autmation@ebb6851]" started-at="2024-10-21T17:58:08 GMT+03:00" name="AddItemToThecart" finished-at="2024-10-21T17:58:30 GMT+03:00" duration-ms="22990" status="PASS">
          <reporter-output>
          </reporter-output>
        </test-method> <!-- AddItemToThecart -->
      </class> <!-- Autmation -->
    </test> <!-- Default test -->
  </suite> <!-- Default suite -->
</testng-results>
